<?xml version="1.0" encoding="UTF-8"?>
<testsuites name="TestSuiteTestOps" time="12.458" tests="1" failures="0" errors="0">
   <testsuite name="TestSuiteTestOps" tests="1" failures="0" errors="0" time="12.458" skipped="0" timestamp="30-05-2024T16:40:32" hostname="richard - localhost" id="Test Suites/TestSuiteTestOps">
      <properties>
         <property name="deviceName" value=""/>
         <property name="devicePlatform" value=""/>
         <property name="logFolder" value="/Users/richard/git/KatalonDelete/Reports/20240530_164030/TestSuiteTestOps/20240530_164030"/>
         <property name="logFiles" value="/Users/richard/git/KatalonDelete/Reports/20240530_164030/TestSuiteTestOps/20240530_164030/execution0.log"/>
         <property name="attachments" value=""/>
         <property name="hostName" value="richard - localhost"/>
         <property name="os" value="Mac OS X 64bit"/>
         <property name="katalonVersion" value="9.4.0.212"/>
         <property name="browser" value="Chrome 125.0.0.0"/>
         <property name="hostAddress" value="127.0.0.1"/>
         <property name="sessionId" value="704bc92fbc934ce0f9be8d1cc6c14d40"/>
         <property name="seleniumVersion" value="3.141.59"/>
         <property name="proxyInformation" value="ProxyInformation { proxyOption=NO_PROXY, proxyServerType=HTTP, username=, password=********, proxyServerAddress=, proxyServerPort=0, executionList=&quot;&quot;, isApplyToDesiredCapabilities=true }"/>
         <property name="platform" value="Mac OS X"/>
      </properties>
      <testcase name="Test Cases/testLogin" time="12.38" classname="Test Cases/testLogin" status="PASSED">
         <system-out><![CDATA[30-05-2024T16:40:32 - [TEST_CASE][PASSED] - Test Cases/testLogin: Test Cases/testLogin

30-05-2024T16:40:32 - [TEST_STEP][PASSED] - openBrowser(""): Browser is opened with url: ''

30-05-2024T16:40:32 - [MESSAGE][INFO] - Starting 'Chrome' driver

30-05-2024T16:40:32 - [MESSAGE][INFO] - Action delay is set to 0 milliseconds

30-05-2024T16:40:34 - [MESSAGE][PASSED] - Browser is opened with url: ''

30-05-2024T16:40:34 - [TEST_STEP][PASSED] - navigateToUrl("https://opensource-demo.orangehrmlive.com/web/index.php/auth/login"): Navigate to 'https://opensource-demo.orangehrmlive.com/web/index.php/auth/login' successfully

30-05-2024T16:40:39 - [MESSAGE][PASSED] - Navigate to 'https://opensource-demo.orangehrmlive.com/web/index.php/auth/login' successfully

30-05-2024T16:40:39 - [TEST_STEP][PASSED] - setText(findTestObject("Object Repository/Page_OrangeHRM/input_Username_username"), "Admin"): Text 'Admin' is set on object 'Object Repository/Page_OrangeHRM/input_Username_username'

30-05-2024T16:40:40 - [MESSAGE][PASSED] - Text 'Admin' is set on object 'Object Repository/Page_OrangeHRM/input_Username_username'

30-05-2024T16:40:40 - [TEST_STEP][PASSED] - setEncryptedText(findTestObject("Object Repository/Page_OrangeHRM/input_Password_password"), "hUKwJTbofgPU9eVlw/CnDQ=="): Text ****** has been set on object 'Object Repository/Page_OrangeHRM/input_Password_password'

30-05-2024T16:40:40 - [MESSAGE][PASSED] - Text ****** has been set on object 'Object Repository/Page_OrangeHRM/input_Password_password'

30-05-2024T16:40:40 - [TEST_STEP][PASSED] - click(findTestObject("Object Repository/Page_OrangeHRM/button_Login")): Object: 'Object Repository/Page_OrangeHRM/button_Login' is clicked on

30-05-2024T16:40:42 - [MESSAGE][PASSED] - Object: 'Object Repository/Page_OrangeHRM/button_Login' is clicked on

30-05-2024T16:40:42 - [TEST_STEP][PASSED] - verifyElementVisible(findTestObject("Object Repository/Page_OrangeHRM/h6_Dashboard")): Object 'Object Repository/Page_OrangeHRM/h6_Dashboard' is visible

30-05-2024T16:40:44 - [MESSAGE][PASSED] - Object 'Object Repository/Page_OrangeHRM/h6_Dashboard' is visible

30-05-2024T16:40:44 - [TEST_STEP][PASSED] - closeBrowser(): Browser is closed

30-05-2024T16:40:44 - [MESSAGE][PASSED] - Browser is closed]]></system-out>
         <system-err><![CDATA[]]></system-err>
      </testcase>
      <system-out><![CDATA[30-05-2024T16:40:32 - [TEST_SUITE][PASSED] - TestSuiteTestOps: Test Cases/testLogin]]></system-out>
      <system-err><![CDATA[]]></system-err>
   </testsuite>
</testsuites>
